c:\simpleredis\simplec++\simplec++\x64\debug\vc143.pdb
c:\simpleredis\simplec++\simplec++\x64\debug\vc143.idb
c:\simpleredis\simplec++\simplec++\x64\debug\simplec++.obj
c:\simpleredis\simplec++\simplec++\x64\debug\server.obj
c:\simpleredis\simplec++\simplec++\x64\debug\sds.obj
c:\simpleredis\simplec++\simplec++\x64\debug\redisdb.obj
c:\simpleredis\simplec++\simplec++\x64\debug\redisclient.obj
c:\simpleredis\simplec++\simplec++\x64\debug\dict.obj
c:\simpleredis\simplec++\simplec++\x64\debug\adlist.obj
c:\simpleredis\simplec++\x64\debug\simplec++.exe
c:\simpleredis\simplec++\x64\debug\simplec++.pdb
c:\simpleredis\simplec++\simplec++\x64\debug\simplec++.ilk
c:\simpleredis\simplec++\simplec++\x64\debug\simplec++.tlog\cl.command.1.tlog
c:\simpleredis\simplec++\simplec++\x64\debug\simplec++.tlog\cl.items.tlog
c:\simpleredis\simplec++\simplec++\x64\debug\simplec++.tlog\cl.read.1.tlog
c:\simpleredis\simplec++\simplec++\x64\debug\simplec++.tlog\cl.write.1.tlog
c:\simpleredis\simplec++\simplec++\x64\debug\simplec++.tlog\link.command.1.tlog
c:\simpleredis\simplec++\simplec++\x64\debug\simplec++.tlog\link.read.1.tlog
c:\simpleredis\simplec++\simplec++\x64\debug\simplec++.tlog\link.secondary.1.tlog
c:\simpleredis\simplec++\simplec++\x64\debug\simplec++.tlog\link.write.1.tlog
